<?xml version="1.0" encoding="UTF-8"?>
<testng-results ignored="0" total="0" passed="0" failed="0" skipped="0">
  <reporter-output>
  </reporter-output>
  <suite started-at="2018-12-18T08:15:37Z" name="stepdefinations.BDDLoginTest" finished-at="2018-12-18T08:15:37Z" duration-ms="4">
    <groups>
    </groups>
    <test started-at="2018-12-18T08:15:37Z" name="Command line test" finished-at="2018-12-18T08:15:37Z" duration-ms="4">
    </test> <!-- Command line test -->
  </suite> <!-- stepdefinations.BDDLoginTest -->
</testng-results>
