[
  {
    "line": 1,
    "elements": [
      {
        "line": 3,
        "name": "the user should be able to login with correct username and correct password",
        "description": "",
        "id": "test-login;the-user-should-be-able-to-login-with-correct-username-and-correct-password",
        "after": [
          {
            "result": {
              "duration": 72095416,
              "status": "passed"
            },
            "match": {
              "location": "BDDLoginTest.tearDown()"
            }
          }
        ],
        "type": "scenario",
        "keyword": "Scenario",
        "steps": [
          {
            "result": {
              "duration": 5905806979,
              "status": "passed"
            },
            "line": 4,
            "name": "user is on the login page",
            "match": {
              "location": "BDDLoginTest.user_is_on_the_login_page()"
            },
            "keyword": "Given "
          },
          {
            "result": {
              "duration": 1646486076,
              "status": "passed"
            },
            "line": 5,
            "name": "user enters correct username and correct password",
            "match": {
              "location": "BDDLoginTest.user_enters_correct_username_and_correct_password()"
            },
            "keyword": "When "
          },
          {
            "result": {
              "duration": 55945554,
              "status": "passed"
            },
            "line": 6,
            "name": "user gets confirmation",
            "match": {
              "location": "BDDLoginTest.user_gets_confirmation()"
            },
            "keyword": "Then "
          }
        ],
        "tags": [
          {
            "name": "@tag1"
          }
        ]
      },
      {
        "line": 16,
        "name": "the user should be able to login",
        "description": "",
        "id": "test-login;the-user-should-be-able-to-login;;2",
        "after": [
          {
            "result": {
              "duration": 67832529,
              "status": "passed"
            },
            "match": {
              "location": "BDDLoginTest.tearDown()"
            }
          }
        ],
        "type": "scenario",
        "keyword": "Scenario Outline",
        "steps": [
          {
            "result": {
              "duration": 3839643969,
              "status": "passed"
            },
            "line": 10,
            "name": "user is on the login page",
            "match": {
              "location": "BDDLoginTest.user_is_on_the_login_page()"
            },
            "keyword": "Given "
          },
          {
            "result": {
              "duration": 6627615991,
              "status": "passed"
            },
            "line": 11,
            "name": "user enters \"tim@testemail.com\" and \"trpass\"",
            "match": {
              "arguments": [
                {
                  "val": "tim@testemail.com",
                  "offset": 13
                },
                {
                  "val": "trpass",
                  "offset": 37
                }
              ],
              "location": "BDDLoginTest.user_enters_username(String,String)"
            },
            "keyword": "When "
          },
          {
            "result": {
              "duration": 48794201,
              "status": "passed"
            },
            "line": 12,
            "name": "user gets confirmation",
            "match": {
              "location": "BDDLoginTest.user_gets_confirmation()"
            },
            "keyword": "Then "
          }
        ],
        "tags": [
          {
            "name": "@tag2"
          }
        ]
      },
      {
        "line": 17,
        "name": "the user should be able to login",
        "description": "",
        "id": "test-login;the-user-should-be-able-to-login;;3",
        "after": [
          {
            "result": {
              "duration": 68396704,
              "status": "passed"
            },
            "match": {
              "location": "BDDLoginTest.tearDown()"
            }
          }
        ],
        "type": "scenario",
        "keyword": "Scenario Outline",
        "steps": [
          {
            "result": {
              "duration": 3640238954,
              "status": "passed"
            },
            "line": 10,
            "name": "user is on the login page",
            "match": {
              "location": "BDDLoginTest.user_is_on_the_login_page()"
            },
            "keyword": "Given "
          },
          {
            "result": {
              "duration": 6129890730,
              "status": "passed"
            },
            "line": 11,
            "name": "user enters \"rw@testemail.com\" and \"rwpass\"",
            "match": {
              "arguments": [
                {
                  "val": "rw@testemail.com",
                  "offset": 13
                },
                {
                  "val": "rwpass",
                  "offset": 36
                }
              ],
              "location": "BDDLoginTest.user_enters_username(String,String)"
            },
            "keyword": "When "
          },
          {
            "result": {
              "error_message": "org.openqa.selenium.NoSuchElementException: no such element: Unable to locate element: {\"method\":\"id\",\"selector\":\"conf_message\"}\n  (Session info: chrome\u003d71.0.3578.98)\n  (Driver info: chromedriver\u003d2.45.615279 (12b89733300bd268cff3b78fc76cb8f3a7cc44e5),platform\u003dLinux 4.15.0-42-generic x86_64) (WARNING: The server did not provide any stacktrace information)\nCommand duration or timeout: 0 milliseconds\nFor documentation on this error, please visit: http://seleniumhq.org/exceptions/no_such_element.html\nBuild info: version: \u00273.14.0\u0027, revision: \u0027aacccce0\u0027, time: \u00272018-08-02T20:19:58.91Z\u0027\nSystem info: host: \u0027tuanminh-SVE14122CVB\u0027, ip: \u0027127.0.1.1\u0027, os.name: \u0027Linux\u0027, os.arch: \u0027amd64\u0027, os.version: \u00274.15.0-42-generic\u0027, java.version: \u002710.0.2\u0027\nDriver info: org.openqa.selenium.chrome.ChromeDriver\nCapabilities {acceptInsecureCerts: false, acceptSslCerts: false, applicationCacheEnabled: false, browserConnectionEnabled: false, browserName: chrome, chrome: {chromedriverVersion: 2.45.615279 (12b89733300bd2..., userDataDir: /tmp/.org.chromium.Chromium...}, cssSelectorsEnabled: true, databaseEnabled: false, goog:chromeOptions: {debuggerAddress: localhost:40449}, handlesAlerts: true, hasTouchScreen: false, javascriptEnabled: true, locationContextEnabled: true, mobileEmulationEnabled: false, nativeEvents: true, networkConnectionEnabled: false, pageLoadStrategy: normal, platform: LINUX, platformName: LINUX, proxy: Proxy(), rotatable: false, setWindowRect: true, strictFileInteractability: false, takesHeapSnapshot: true, takesScreenshot: true, timeouts: {implicit: 0, pageLoad: 300000, script: 30000}, unexpectedAlertBehaviour: ignore, unhandledPromptBehavior: ignore, version: 71.0.3578.98, webStorageEnabled: true}\nSession ID: 1a9767712d46230cc21c659aa0b0562d\n*** Element info: {Using\u003did, value\u003dconf_message}\n\tat java.base/jdk.internal.reflect.NativeConstructorAccessorImpl.newInstance0(Native Method)\n\tat java.base/jdk.internal.reflect.NativeConstructorAccessorImpl.newInstance(NativeConstructorAccessorImpl.java:62)\n\tat java.base/jdk.internal.reflect.DelegatingConstructorAccessorImpl.newInstance(DelegatingConstructorAccessorImpl.java:45)\n\tat java.base/java.lang.reflect.Constructor.newInstance(Constructor.java:488)\n\tat org.openqa.selenium.remote.ErrorHandler.createThrowable(ErrorHandler.java:214)\n\tat org.openqa.selenium.remote.ErrorHandler.throwIfResponseFailed(ErrorHandler.java:166)\n\tat org.openqa.selenium.remote.http.JsonHttpResponseCodec.reconstructValue(JsonHttpResponseCodec.java:40)\n\tat org.openqa.selenium.remote.http.AbstractHttpResponseCodec.decode(AbstractHttpResponseCodec.java:80)\n\tat org.openqa.selenium.remote.http.AbstractHttpResponseCodec.decode(AbstractHttpResponseCodec.java:44)\n\tat org.openqa.selenium.remote.HttpCommandExecutor.execute(HttpCommandExecutor.java:158)\n\tat org.openqa.selenium.remote.service.DriverCommandExecutor.execute(DriverCommandExecutor.java:83)\n\tat org.openqa.selenium.remote.RemoteWebDriver.execute(RemoteWebDriver.java:548)\n\tat org.openqa.selenium.remote.RemoteWebDriver.findElement(RemoteWebDriver.java:322)\n\tat org.openqa.selenium.remote.RemoteWebDriver.findElementById(RemoteWebDriver.java:368)\n\tat org.openqa.selenium.By$ById.findElement(By.java:188)\n\tat org.openqa.selenium.remote.RemoteWebDriver.findElement(RemoteWebDriver.java:314)\n\tat stepDefinitions.BDDLoginTest.user_gets_confirmation(BDDLoginTest.java:64)\n\tat ✽.user gets confirmation(features/Login.feature:12)\n",
              "duration": 5071040167,
              "status": "failed"
            },
            "line": 12,
            "name": "user gets confirmation",
            "match": {
              "location": "BDDLoginTest.user_gets_confirmation()"
            },
            "keyword": "Then "
          }
        ],
        "tags": [
          {
            "name": "@tag2"
          }
        ]
      },
      {
        "line": 18,
        "name": "the user should be able to login",
        "description": "",
        "id": "test-login;the-user-should-be-able-to-login;;4",
        "after": [
          {
            "result": {
              "duration": 77936478,
              "status": "passed"
            },
            "match": {
              "location": "BDDLoginTest.tearDown()"
            }
          }
        ],
        "type": "scenario",
        "keyword": "Scenario Outline",
        "steps": [
          {
            "result": {
              "duration": 3624182217,
              "status": "passed"
            },
            "line": 10,
            "name": "user is on the login page",
            "match": {
              "location": "BDDLoginTest.user_is_on_the_login_page()"
            },
            "keyword": "Given "
          },
          {
            "result": {
              "duration": 6205502791,
              "status": "passed"
            },
            "line": 11,
            "name": "user enters \"kq@testemail.com\" and \"kqpass\"",
            "match": {
              "arguments": [
                {
                  "val": "kq@testemail.com",
                  "offset": 13
                },
                {
                  "val": "kqpass",
                  "offset": 36
                }
              ],
              "location": "BDDLoginTest.user_enters_username(String,String)"
            },
            "keyword": "When "
          },
          {
            "result": {
              "error_message": "org.openqa.selenium.NoSuchElementException: no such element: Unable to locate element: {\"method\":\"id\",\"selector\":\"conf_message\"}\n  (Session info: chrome\u003d71.0.3578.98)\n  (Driver info: chromedriver\u003d2.45.615279 (12b89733300bd268cff3b78fc76cb8f3a7cc44e5),platform\u003dLinux 4.15.0-42-generic x86_64) (WARNING: The server did not provide any stacktrace information)\nCommand duration or timeout: 0 milliseconds\nFor documentation on this error, please visit: http://seleniumhq.org/exceptions/no_such_element.html\nBuild info: version: \u00273.14.0\u0027, revision: \u0027aacccce0\u0027, time: \u00272018-08-02T20:19:58.91Z\u0027\nSystem info: host: \u0027tuanminh-SVE14122CVB\u0027, ip: \u0027127.0.1.1\u0027, os.name: \u0027Linux\u0027, os.arch: \u0027amd64\u0027, os.version: \u00274.15.0-42-generic\u0027, java.version: \u002710.0.2\u0027\nDriver info: org.openqa.selenium.chrome.ChromeDriver\nCapabilities {acceptInsecureCerts: false, acceptSslCerts: false, applicationCacheEnabled: false, browserConnectionEnabled: false, browserName: chrome, chrome: {chromedriverVersion: 2.45.615279 (12b89733300bd2..., userDataDir: /tmp/.org.chromium.Chromium...}, cssSelectorsEnabled: true, databaseEnabled: false, goog:chromeOptions: {debuggerAddress: localhost:39769}, handlesAlerts: true, hasTouchScreen: false, javascriptEnabled: true, locationContextEnabled: true, mobileEmulationEnabled: false, nativeEvents: true, networkConnectionEnabled: false, pageLoadStrategy: normal, platform: LINUX, platformName: LINUX, proxy: Proxy(), rotatable: false, setWindowRect: true, strictFileInteractability: false, takesHeapSnapshot: true, takesScreenshot: true, timeouts: {implicit: 0, pageLoad: 300000, script: 30000}, unexpectedAlertBehaviour: ignore, unhandledPromptBehavior: ignore, version: 71.0.3578.98, webStorageEnabled: true}\nSession ID: f9de6892cdcd250c42c71a7095be27cf\n*** Element info: {Using\u003did, value\u003dconf_message}\n\tat java.base/jdk.internal.reflect.NativeConstructorAccessorImpl.newInstance0(Native Method)\n\tat java.base/jdk.internal.reflect.NativeConstructorAccessorImpl.newInstance(NativeConstructorAccessorImpl.java:62)\n\tat java.base/jdk.internal.reflect.DelegatingConstructorAccessorImpl.newInstance(DelegatingConstructorAccessorImpl.java:45)\n\tat java.base/java.lang.reflect.Constructor.newInstance(Constructor.java:488)\n\tat org.openqa.selenium.remote.ErrorHandler.createThrowable(ErrorHandler.java:214)\n\tat org.openqa.selenium.remote.ErrorHandler.throwIfResponseFailed(ErrorHandler.java:166)\n\tat org.openqa.selenium.remote.http.JsonHttpResponseCodec.reconstructValue(JsonHttpResponseCodec.java:40)\n\tat org.openqa.selenium.remote.http.AbstractHttpResponseCodec.decode(AbstractHttpResponseCodec.java:80)\n\tat org.openqa.selenium.remote.http.AbstractHttpResponseCodec.decode(AbstractHttpResponseCodec.java:44)\n\tat org.openqa.selenium.remote.HttpCommandExecutor.execute(HttpCommandExecutor.java:158)\n\tat org.openqa.selenium.remote.service.DriverCommandExecutor.execute(DriverCommandExecutor.java:83)\n\tat org.openqa.selenium.remote.RemoteWebDriver.execute(RemoteWebDriver.java:548)\n\tat org.openqa.selenium.remote.RemoteWebDriver.findElement(RemoteWebDriver.java:322)\n\tat org.openqa.selenium.remote.RemoteWebDriver.findElementById(RemoteWebDriver.java:368)\n\tat org.openqa.selenium.By$ById.findElement(By.java:188)\n\tat org.openqa.selenium.remote.RemoteWebDriver.findElement(RemoteWebDriver.java:314)\n\tat stepDefinitions.BDDLoginTest.user_gets_confirmation(BDDLoginTest.java:64)\n\tat ✽.user gets confirmation(features/Login.feature:12)\n",
              "duration": 5022607108,
              "status": "failed"
            },
            "line": 12,
            "name": "user gets confirmation",
            "match": {
              "location": "BDDLoginTest.user_gets_confirmation()"
            },
            "keyword": "Then "
          }
        ],
        "tags": [
          {
            "name": "@tag2"
          }
        ]
      }
    ],
    "name": "test login",
    "description": "",
    "id": "test-login",
    "keyword": "Feature",
    "uri": "features/Login.feature",
    "tags": []
  }
]